[INFO] Scanning for projects...
[INFO]                                                                         
[INFO] ------------------------------------------------------------------------
[INFO] Building xdmod-job-extractor 1.1.5-SNAPSHOT
[INFO] ------------------------------------------------------------------------
[INFO] 
[INFO] --- maven-dependency-plugin:2.10:tree (default-cli) @ xdmod-job-extractor ---
[INFO] edu.ucar.cisl:xdmod-job-extractor:jar:1.1.5-SNAPSHOT
[INFO] +- org.springframework.boot:spring-boot-starter-web:jar:1.3.6.RELEASE:compile
[INFO] |  +- org.springframework.boot:spring-boot-starter:jar:1.3.6.RELEASE:compile
[INFO] |  |  +- org.springframework.boot:spring-boot:jar:1.3.6.RELEASE:compile
[INFO] |  |  +- org.springframework.boot:spring-boot-autoconfigure:jar:1.3.6.RELEASE:compile
[INFO] |  |  +- org.springframework.boot:spring-boot-starter-logging:jar:1.3.6.RELEASE:compile
[INFO] |  |  |  +- ch.qos.logback:logback-classic:jar:1.1.7:compile
[INFO] |  |  |  |  +- ch.qos.logback:logback-core:jar:1.1.7:compile
[INFO] |  |  |  |  \- org.slf4j:slf4j-api:jar:1.7.21:compile
[INFO] |  |  |  +- org.slf4j:jcl-over-slf4j:jar:1.7.21:compile
[INFO] |  |  |  +- org.slf4j:jul-to-slf4j:jar:1.7.21:compile
[INFO] |  |  |  \- org.slf4j:log4j-over-slf4j:jar:1.7.21:compile
[INFO] |  |  \- org.yaml:snakeyaml:jar:1.16:runtime
[INFO] |  +- org.springframework.boot:spring-boot-starter-tomcat:jar:1.3.6.RELEASE:compile
[INFO] |  |  +- org.apache.tomcat.embed:tomcat-embed-core:jar:8.0.36:compile
[INFO] |  |  +- org.apache.tomcat.embed:tomcat-embed-el:jar:8.0.36:compile
[INFO] |  |  +- org.apache.tomcat.embed:tomcat-embed-logging-juli:jar:8.0.36:compile
[INFO] |  |  \- org.apache.tomcat.embed:tomcat-embed-websocket:jar:8.0.36:compile
[INFO] |  +- org.springframework.boot:spring-boot-starter-validation:jar:1.3.6.RELEASE:compile
[INFO] |  |  \- org.hibernate:hibernate-validator:jar:5.2.4.Final:compile
[INFO] |  |     +- javax.validation:validation-api:jar:1.1.0.Final:compile
[INFO] |  |     +- org.jboss.logging:jboss-logging:jar:3.3.0.Final:compile
[INFO] |  |     \- com.fasterxml:classmate:jar:1.1.0:compile
[INFO] |  +- com.fasterxml.jackson.core:jackson-databind:jar:2.6.7:compile
[INFO] |  |  +- com.fasterxml.jackson.core:jackson-annotations:jar:2.6.7:compile
[INFO] |  |  \- com.fasterxml.jackson.core:jackson-core:jar:2.6.7:compile
[INFO] |  +- org.springframework:spring-web:jar:4.2.7.RELEASE:compile
[INFO] |  |  +- org.springframework:spring-aop:jar:4.2.7.RELEASE:compile
[INFO] |  |  |  \- aopalliance:aopalliance:jar:1.0:compile
[INFO] |  |  +- org.springframework:spring-beans:jar:4.2.7.RELEASE:compile
[INFO] |  |  \- org.springframework:spring-context:jar:4.2.7.RELEASE:compile
[INFO] |  \- org.springframework:spring-webmvc:jar:4.2.7.RELEASE:compile
[INFO] |     \- org.springframework:spring-expression:jar:4.2.7.RELEASE:compile
[INFO] +- org.springframework.boot:spring-boot-starter-jdbc:jar:1.3.6.RELEASE:compile
[INFO] |  +- org.apache.tomcat:tomcat-jdbc:jar:8.0.36:compile
[INFO] |  |  \- org.apache.tomcat:tomcat-juli:jar:8.0.36:compile
[INFO] |  \- org.springframework:spring-jdbc:jar:4.2.7.RELEASE:compile
[INFO] |     \- org.springframework:spring-tx:jar:4.2.7.RELEASE:compile
[INFO] +- org.springframework.boot:spring-boot-starter-actuator:jar:1.3.6.RELEASE:compile
[INFO] |  \- org.springframework.boot:spring-boot-actuator:jar:1.3.6.RELEASE:compile
[INFO] +- org.springframework.boot:spring-boot-starter-test:jar:1.3.6.RELEASE:test
[INFO] |  +- junit:junit:jar:4.12:test
[INFO] |  +- org.mockito:mockito-core:jar:1.10.19:test
[INFO] |  |  \- org.objenesis:objenesis:jar:2.1:test
[INFO] |  +- org.hamcrest:hamcrest-core:jar:1.3:test
[INFO] |  +- org.hamcrest:hamcrest-library:jar:1.3:test
[INFO] |  +- org.springframework:spring-core:jar:4.2.7.RELEASE:compile
[INFO] |  \- org.springframework:spring-test:jar:4.2.7.RELEASE:test
[INFO] +- mysql:mysql-connector-java:jar:5.1.36:compile
[INFO] +- org.apache.commons:commons-lang3:jar:3.0:compile
[INFO] \- commons-io:commons-io:jar:2.4:compile
[INFO] ------------------------------------------------------------------------
[INFO] BUILD SUCCESS
[INFO] ------------------------------------------------------------------------
[INFO] Total time: 1.070 s
[INFO] Finished at: 2017-05-01T08:46:27-06:00
[INFO] Final Memory: 21M/309M
[INFO] ------------------------------------------------------------------------
