[INFO] Scanning for projects...
[INFO]                                                                         
[INFO] ------------------------------------------------------------------------
[INFO] Building xdmod-job-extractor 1.1.5-SNAPSHOT
[INFO] ------------------------------------------------------------------------
[INFO] 
[INFO] >>> maven-dependency-plugin:2.10:analyze (default-cli) > test-compile @ xdmod-job-extractor >>>
[INFO] 
[INFO] --- maven-resources-plugin:2.6:resources (default-resources) @ xdmod-job-extractor ---
[INFO] Using 'UTF-8' encoding to copy filtered resources.
[INFO] Copying 1 resource
[INFO] Copying 0 resource
[INFO] 
[INFO] --- maven-compiler-plugin:3.1:compile (default-compile) @ xdmod-job-extractor ---
[INFO] Nothing to compile - all classes are up to date
[INFO] 
[INFO] --- maven-resources-plugin:2.6:testResources (default-testResources) @ xdmod-job-extractor ---
[INFO] Using 'UTF-8' encoding to copy filtered resources.
[INFO] skip non existing resourceDirectory /Users/bsterner/Development/github-bsterner/ncar/xdmod-job-extractor/src/test/resources
[INFO] 
[INFO] --- maven-compiler-plugin:3.1:testCompile (default-testCompile) @ xdmod-job-extractor ---
[INFO] Nothing to compile - all classes are up to date
[INFO] 
[INFO] <<< maven-dependency-plugin:2.10:analyze (default-cli) < test-compile @ xdmod-job-extractor <<<
[INFO] 
[INFO] --- maven-dependency-plugin:2.10:analyze (default-cli) @ xdmod-job-extractor ---
[WARNING] Used undeclared dependencies found:
[WARNING]    org.springframework.boot:spring-boot:jar:1.3.6.RELEASE:compile
[WARNING]    org.springframework.boot:spring-boot-autoconfigure:jar:1.3.6.RELEASE:compile
[WARNING]    org.hamcrest:hamcrest-core:jar:1.3:test
[WARNING]    org.springframework:spring-context:jar:4.2.7.RELEASE:compile
[WARNING]    org.hamcrest:hamcrest-library:jar:1.3:test
[WARNING]    junit:junit:jar:4.12:test
[WARNING]    org.springframework:spring-jdbc:jar:4.2.7.RELEASE:compile
[WARNING]    org.apache.tomcat.embed:tomcat-embed-core:jar:8.0.36:compile
[WARNING]    org.springframework:spring-test:jar:4.2.7.RELEASE:test
[WARNING]    org.mockito:mockito-core:jar:1.10.19:test
[WARNING]    org.springframework:spring-beans:jar:4.2.7.RELEASE:compile
[WARNING]    org.springframework:spring-web:jar:4.2.7.RELEASE:compile
[WARNING] Unused declared dependencies found:
[WARNING]    org.springframework.boot:spring-boot-starter-actuator:jar:1.3.6.RELEASE:compile
[WARNING]    org.springframework.boot:spring-boot-starter-test:jar:1.3.6.RELEASE:test
[WARNING]    org.apache.commons:commons-lang3:jar:3.0:compile
[WARNING]    commons-io:commons-io:jar:2.4:compile
[WARNING]    org.springframework.boot:spring-boot-starter-web:jar:1.3.6.RELEASE:compile
[WARNING]    org.springframework.boot:spring-boot-starter-jdbc:jar:1.3.6.RELEASE:compile
[WARNING]    mysql:mysql-connector-java:jar:5.1.36:compile
[INFO] ------------------------------------------------------------------------
[INFO] BUILD SUCCESS
[INFO] ------------------------------------------------------------------------
[INFO] Total time: 1.398 s
[INFO] Finished at: 2017-05-01T08:44:52-06:00
[INFO] Final Memory: 24M/437M
[INFO] ------------------------------------------------------------------------
